<?xml version="1.0" encoding="UTF-8"?>
<!-- Generated by org.testng.reporters.JUnitXMLReporter -->
<testsuite hostname="LAPTOP-I8CLACM7" ignored="0" name="Test" tests="5" failures="1" timestamp="27 sie 2018 20:01:14 GMT" time="21.381" errors="0">
  <testcase name="checkValidUser" time="3.281" classname="WordpressDemo.TestCases.AddAndDeleteANewPost"/>
  <testcase name="checkValidUser" time="2.252" classname="WordpressDemo.TestCases.VerifyValidLogin"/>
  <testcase name="openAddANewPostPage" time="3.238" classname="WordpressDemo.TestCases.AddAndDeleteANewPost"/>
  <testcase name="logOutUser" time="1.105" classname="WordpressDemo.TestCases.VerifyValidLogin"/>
  <testcase name="savePostDraft" time="0.011" classname="WordpressDemo.TestCases.AddAndDeleteANewPost">
    <failure type="java.lang.AssertionError" message="expected [true] but found [false]">
      <![CDATA[java.lang.AssertionError: expected [true] but found [false]
	at WordpressDemo.Pages.AddNewPostPage.verifyTitle(AddNewPostPage.java:26)
	at WordpressDemo.TestCases.AddAndDeleteANewPost.savePostDraft(AddAndDeleteANewPost.java:48)
... Removed 29 stack frames]]>
    </failure>
  </testcase> <!-- savePostDraft -->
</testsuite> <!-- Test -->
